<?xml version="1.0" encoding="UTF-8"?>
<!-- Generated by org.testng.reporters.JUnitXMLReporter -->
<testsuite hostname="DESKTOP-TVBMDRG" name="Rebalance Test Case" tests="1" failures="1" timestamp="13 Feb 2018 18:21:46 GMT" time="642.274" errors="0">
  <testcase name="feature" time="640.712" classname="runner.RunCukes">
    <failure type="cucumber.runtime.CucumberException" message="java.lang.NullPointerException">
      <![CDATA[cucumber.runtime.CucumberException: java.lang.NullPointerException
	at cucumber.api.testng.TestNGCucumberRunner.runCucumber(TestNGCucumberRunner.java:69)
	at cucumber.api.testng.AbstractTestNGCucumberTests.feature(AbstractTestNGCucumberTests.java:21)
Caused by: java.lang.NullPointerException
	at steps.RebalanceStep.select_Investment_Program_Option_as(Unknown Source)
	at ✽.When Select Investment Program Option as "Northwestern Mutual Signature Choice"(resources/features/Rebalance.feature:14)
... Removed 24 stack frames]]>
    </failure>
  </testcase> <!-- feature -->
</testsuite> <!-- Rebalance Test Case -->
