<?xml version="1.0" encoding="UTF-8"?>
<testng-results total="1" passed="1" failed="0" skipped="0">
  <reporter-output>
  </reporter-output>
  <suite started-at="2018-02-14T04:26:23Z" name="ENVESTNET Project" finished-at="2018-02-14T04:26:43Z" duration-ms="20030">
    <groups>
      <group name="cucumber">
        <method signature="AbstractTestNGCucumberTests.feature(cucumber.api.testng.CucumberFeatureWrapper)[pri:0, instance:runner.RunCukes@6ed3ccb2]" name="feature" class="cucumber.api.testng.AbstractTestNGCucumberTests"/>
      </group> <!-- cucumber -->
    </groups>
    <test started-at="2018-02-14T04:26:23Z" name="Rebalance Test Case" finished-at="2018-02-14T04:26:43Z" duration-ms="20030">
      <class name="runner.RunCukes">
        <test-method is-config="true" signature="setUpClass()[pri:0, instance:runner.RunCukes@6ed3ccb2]" started-at="2018-02-13T22:26:23Z" name="setUpClass" finished-at="2018-02-13T22:26:23Z" duration-ms="235" status="PASS">
          <reporter-output>
          </reporter-output>
        </test-method> <!-- setUpClass -->
        <test-method signature="feature(cucumber.api.testng.CucumberFeatureWrapper)[pri:0, instance:runner.RunCukes@6ed3ccb2]" started-at="2018-02-13T22:26:23Z" name="feature" description="Runs Cucumber Feature" data-provider="features" finished-at="2018-02-13T22:26:42Z" duration-ms="19625" status="PASS">
          <params>
            <param index="0">
              <value>
                <![CDATA[Rebalance Testcase]]>
              </value>
            </param>
          </params>
          <reporter-output>
          </reporter-output>
        </test-method> <!-- feature -->
        <test-method is-config="true" signature="tearDownClass()[pri:0, instance:runner.RunCukes@6ed3ccb2]" started-at="2018-02-13T22:26:42Z" name="tearDownClass" finished-at="2018-02-13T22:26:43Z" duration-ms="67" status="PASS">
          <reporter-output>
          </reporter-output>
        </test-method> <!-- tearDownClass -->
      </class> <!-- runner.RunCukes -->
    </test> <!-- Rebalance Test Case -->
  </suite> <!-- ENVESTNET Project -->
</testng-results>
